<?xml version="1.0" encoding="UTF-8"?>
<!-- Generated by org.testng.reporters.JUnitReportReporter -->
<testsuite hostname="LAPTOP-5Q9HUDET" failures="0" tests="1" name="javaAsk.Altimetrik" time="0.026" errors="0" timestamp="2023-10-13T17:56:00 IST" skipped="0">
  <testcase classname="javaAsk.Altimetrik" name="countChar" time="0.026"/>
</testsuite> <!-- javaAsk.Altimetrik -->
